2023.09.22 10:29:55 INFO  Started: Metals version 1.0.0 in folders '/Users/alexren/Desktop/Code/online_projects/ScriptSpace/algorithm/åŸºç¡€/ç®—æ³•æ€æƒ³/åŠ¨æ€è§„åˆ’/ä¸€ç»´' for client Visual Studio Code 1.82.0.[0m
ä¹æœˆ 22, 2023 10:29:55 ä¸Šåˆ org.flywaydb.core.internal.license.VersionPrinter printVersionOnly
ä¿¡æ¯: Flyway Community Edition 9.20.1 by Redgate
ä¹æœˆ 22, 2023 10:29:55 ä¸Šåˆ org.flywaydb.core.internal.license.VersionPrinter printVersion
ä¿¡æ¯: See release notes here: https://rd.gt/416ObMi
ä¹æœˆ 22, 2023 10:29:55 ä¸Šåˆ org.flywaydb.core.internal.license.VersionPrinter printVersion
ä¿¡æ¯: 
ä¹æœˆ 22, 2023 10:29:55 ä¸Šåˆ org.flywaydb.core.internal.database.base.BaseDatabaseType createDatabase
ä¿¡æ¯: Database: jdbc:h2:file:/Users/alexren/Desktop/Code/online_projects/ScriptSpace/algorithm/åŸºç¡€/ç®—æ³•æ€æƒ³/åŠ¨æ€è§„åˆ’/ä¸€ç»´/.metals/metals (H2 2.1)
ä¹æœˆ 22, 2023 10:29:55 ä¸Šåˆ org.flywaydb.core.internal.schemahistory.JdbcTableSchemaHistory allAppliedMigrations
ä¿¡æ¯: Schema history table "PUBLIC"."flyway_schema_history" does not exist yet
ä¹æœˆ 22, 2023 10:29:55 ä¸Šåˆ org.flywaydb.core.internal.command.DbValidate validate
ä¿¡æ¯: Successfully validated 4 migrations (execution time 00:00.018s)
ä¹æœˆ 22, 2023 10:29:55 ä¸Šåˆ org.flywaydb.core.internal.schemahistory.JdbcTableSchemaHistory create
ä¿¡æ¯: Creating Schema History table "PUBLIC"."flyway_schema_history" ...
ä¹æœˆ 22, 2023 10:29:55 ä¸Šåˆ org.flywaydb.core.internal.command.DbMigrate migrateGroup
ä¿¡æ¯: Current version of schema "PUBLIC": << Empty Schema >>
ä¹æœˆ 22, 2023 10:29:55 ä¸Šåˆ org.flywaydb.core.internal.command.DbMigrate doMigrateGroup
ä¿¡æ¯: Migrating schema "PUBLIC" to version "1 - Create tables"
ä¹æœˆ 22, 2023 10:29:55 ä¸Šåˆ org.flywaydb.core.internal.command.DbMigrate doMigrateGroup
ä¿¡æ¯: Migrating schema "PUBLIC" to version "2 - Server discovery"
ä¹æœˆ 22, 2023 10:29:55 ä¸Šåˆ org.flywaydb.core.internal.command.DbMigrate doMigrateGroup
ä¿¡æ¯: Migrating schema "PUBLIC" to version "3 - Jar symbols"
ä¹æœˆ 22, 2023 10:29:55 ä¸Šåˆ org.flywaydb.core.internal.command.DbMigrate doMigrateGroup
ä¿¡æ¯: Migrating schema "PUBLIC" to version "4 - Fingerprints"
ä¹æœˆ 22, 2023 10:29:55 ä¸Šåˆ org.flywaydb.core.internal.command.DbMigrate logSummary
ä¿¡æ¯: Successfully applied 4 migrations to schema "PUBLIC", now at version v4 (execution time 00:00.022s)
2023.09.22 10:29:55 INFO  time: initialize in 0.69s[0m
2023.09.22 10:29:55 WARN  Build server is not auto-connectable.[0m
2023.09.22 10:29:55 WARN  no build tool detected in workspace '/Users/alexren/Desktop/Code/online_projects/ScriptSpace/algorithm/åŸºç¡€/ç®—æ³•æ€æƒ³/åŠ¨æ€è§„åˆ’/ä¸€ç»´'. The most common cause for this problem is that the editor was opened in the wrong working directory, for example if you use sbt then the workspace directory should contain build.sbt. [0m
2023.09.22 10:30:50 INFO  Shutting down server[0m
2023.09.22 10:30:50 INFO  shutting down Metals[0m
2023.09.22 10:30:50 INFO  Exiting server[0m
